f:\visualcppworkspace\osadnicy\osadnicy\debug\vc140.pdb
f:\visualcppworkspace\osadnicy\osadnicy\debug\vc140.idb
f:\visualcppworkspace\osadnicy\osadnicy\debug\budynekleaf.obj
f:\visualcppworkspace\osadnicy\osadnicy\debug\drogaleaf.obj
f:\visualcppworkspace\osadnicy\osadnicy\debug\gra.obj
f:\visualcppworkspace\osadnicy\osadnicy\debug\main.obj
f:\visualcppworkspace\osadnicy\osadnicy\debug\mainwindow.obj
f:\visualcppworkspace\osadnicy\osadnicy\debug\plansza.obj
f:\visualcppworkspace\osadnicy\osadnicy\debug\poleleaf.obj
f:\visualcppworkspace\osadnicy\osadnicy\debug\polewartoscileaf.obj
f:\visualcppworkspace\osadnicy\osadnicy\debug\portleaf.obj
f:\visualcppworkspace\osadnicy\osadnicy\debug\ramkaleaf.obj
f:\visualcppworkspace\osadnicy\osadnicy\debug\rysunekcomponent.obj
f:\visualcppworkspace\osadnicy\osadnicy\debug\rysunekcomposite.obj
f:\visualcppworkspace\osadnicy\osadnicy\debug\miejsce.obj
f:\visualcppworkspace\osadnicy\osadnicy\debug\pole.obj
f:\visualcppworkspace\osadnicy\osadnicy\debug\miejscowosc.obj
f:\visualcppworkspace\osadnicy\osadnicy\debug\gracz.obj
f:\visualcppworkspace\osadnicy\osadnicy\debug\osada.obj
f:\visualcppworkspace\osadnicy\osadnicy\debug\droga.obj
f:\visualcppworkspace\osadnicy\osadnicy\debug\port.obj
f:\visualcppworkspace\osadnicy\osadnicy\debug\zlodziej.obj
f:\visualcppworkspace\osadnicy\osadnicy\debug\dystrybutortekstur.obj
f:\visualcppworkspace\osadnicy\osadnicy\debug\losowaplanszabuilder.obj
f:\visualcppworkspace\osadnicy\osadnicy\debug\planszabuilder.obj
f:\visualcppworkspace\osadnicy\debug\osadnicy.ilk
f:\visualcppworkspace\osadnicy\debug\osadnicy.exe
f:\visualcppworkspace\osadnicy\debug\osadnicy.pdb
f:\visualcppworkspace\osadnicy\osadnicy\debug\osadnicy.tlog\cl.command.1.tlog
f:\visualcppworkspace\osadnicy\osadnicy\debug\osadnicy.tlog\cl.read.1.tlog
f:\visualcppworkspace\osadnicy\osadnicy\debug\osadnicy.tlog\cl.write.1.tlog
f:\visualcppworkspace\osadnicy\osadnicy\debug\osadnicy.tlog\link.command.1.tlog
f:\visualcppworkspace\osadnicy\osadnicy\debug\osadnicy.tlog\link.read.1.tlog
f:\visualcppworkspace\osadnicy\osadnicy\debug\osadnicy.tlog\link.write.1.tlog
